<?xml version="1.0" encoding="UTF-8"?>
<!-- Generated by org.testng.reporters.JUnitReportReporter -->
<testsuite hostname="DESKTOP-8DLN6NU" failures="0" tests="1" name="info.ebtd.test.TestSuit" time="0.024" errors="0" timestamp="19 мая 2020 21:21:52 GMT" skipped="0">
  <testcase classname="info.ebtd.test.TestSuit" name="createTest" time="0.024"/>
</testsuite> <!-- info.ebtd.test.TestSuit -->
